#1 [internal] load local bake definitions
#1 reading from stdin 1.01kB done
#1 DONE 0.0s

#2 [frontend internal] load build definition from Dockerfile
#2 transferring dockerfile: 394B done
#2 DONE 0.0s

#3 [backend internal] load build definition from Dockerfile
#3 transferring dockerfile: 580B done
#3 DONE 0.0s

#4 [auth] library/node:pull token for registry-1.docker.io
#4 DONE 0.0s

#5 [auth] library/nginx:pull token for registry-1.docker.io
#5 DONE 0.0s

#6 [backend internal] load metadata for docker.io/library/node:20-alpine
#6 DONE 0.4s

#7 [frontend internal] load metadata for docker.io/library/nginx:alpine
#7 DONE 0.4s

#8 [backend internal] load .dockerignore
#8 transferring context: 77B done
#8 DONE 0.0s

#9 [frontend internal] load .dockerignore
#9 transferring context: 71B done
#9 DONE 0.0s

#10 [frontend internal] load build context
#10 transferring context: 2.50kB 0.0s done
#10 DONE 0.0s

#11 [backend 1/7] FROM docker.io/library/node:20-alpine@sha256:fb4cd12c85ee03686f6af5362a0b0d56d50c58a04632e6c0fb8363f609372293
#11 resolve docker.io/library/node:20-alpine@sha256:fb4cd12c85ee03686f6af5362a0b0d56d50c58a04632e6c0fb8363f609372293 0.0s done
#11 DONE 0.0s

#12 [frontend 2/7] WORKDIR /app
#12 CACHED

#13 [frontend stage-1 1/3] FROM docker.io/library/nginx:alpine@sha256:54f2a904c251d5a34adf545a72d32515a15e08418dae0266e23be2e18c66fefa
#13 resolve docker.io/library/nginx:alpine@sha256:54f2a904c251d5a34adf545a72d32515a15e08418dae0266e23be2e18c66fefa 0.0s done
#13 CACHED

#14 [backend internal] load build context
#14 transferring context: 551B done
#14 DONE 0.0s

#15 [frontend build 3/6] COPY package.json package-lock.json ./
#15 DONE 0.1s

#16 [backend 3/7] RUN apk add --no-cache python3 make g++
#16 0.799 ( 1/29) Installing libstdc++-dev (15.2.0-r2)
#16 1.151 ( 2/29) Installing jansson (2.14.1-r0)
#16 1.167 ( 3/29) Installing zstd-libs (1.5.7-r2)
#16 1.208 ( 4/29) Installing binutils (2.45.1-r0)
#16 1.482 ( 5/29) Installing libgomp (15.2.0-r2)
#16 1.508 ( 6/29) Installing libatomic (15.2.0-r2)
#16 1.523 ( 7/29) Installing gmp (6.3.0-r4)
#16 1.556 ( 8/29) Installing isl26 (0.26-r1)
#16 1.635 ( 9/29) Installing mpfr4 (4.2.2-r0)
#16 1.667 (10/29) Installing mpc1 (1.3.1-r1)
#16 1.687 (11/29) Installing gcc (15.2.0-r2)
#16 ...

#17 [frontend build 4/6] RUN npm ci
#17 3.729 
#17 3.729 > openeats-frontend@0.1.0 prepare
#17 3.729 > svelte-kit sync
#17 3.729 
#17 4.236 No Svelte config file found in /app - using SvelteKit's default configuration without an adapter.
#17 4.274 
#17 4.274 added 124 packages, and audited 125 packages in 4s
#17 4.274 
#17 4.274 26 packages are looking for funding
#17 4.274   run `npm fund` for details
#17 4.294 
#17 4.294 7 vulnerabilities (6 moderate, 1 high)
#17 4.294 
#17 4.294 To address all issues (including breaking changes), run:
#17 4.294   npm audit fix --force
#17 4.294 
#17 4.294 Run `npm audit` for details.
#17 4.295 npm notice
#17 4.295 npm notice New major version of npm available! 10.8.2 -> 11.18.0
#17 4.295 npm notice Changelog: https://github.com/npm/cli/releases/tag/v11.18.0
#17 4.295 npm notice To update run: npm install -g npm@11.18.0
#17 4.295 npm notice
#17 DONE 4.4s

#18 [frontend build 5/6] COPY . .
#18 DONE 0.1s

#16 [backend 3/7] RUN apk add --no-cache python3 make g++
#16 ...

#19 [frontend build 6/6] RUN npm run build
#19 0.360 
#19 0.360 > openeats-frontend@0.1.0 build
#19 0.360 > vite build
#19 0.360 
#19 0.989 vite v5.4.21 building SSR bundle for production...
#19 1.034 transforming...
#19 2.408 node_modules/@sveltejs/kit/src/runtime/client/client.js (6:23): "untrack" is not exported by "node_modules/svelte/src/runtime/ssr.js", imported by "node_modules/@sveltejs/kit/src/runtime/client/client.js".
#19 2.411 node_modules/@sveltejs/kit/src/runtime/client/client.js (389:26): "fork" is not exported by "node_modules/svelte/src/runtime/ssr.js", imported by "node_modules/@sveltejs/kit/src/runtime/client/client.js".
#19 2.413 node_modules/@sveltejs/kit/src/runtime/client/client.js (1310:30): "settled" is not exported by "node_modules/svelte/src/runtime/ssr.js", imported by "node_modules/@sveltejs/kit/src/runtime/client/client.js".
#19 2.690 ✓ 136 modules transformed.
#19 2.781 rendering chunks...
#19 3.422 vite v5.4.21 building for production...
#19 3.428 transforming...
#19 ...

#16 [backend 3/7] RUN apk add --no-cache python3 make g++
#16 6.058 (12/29) Installing musl-dev (1.2.5-r23)
#16 6.320 (13/29) Installing g++ (15.2.0-r2)
#16 7.653 (14/29) Installing make (4.4.1-r3)
#16 7.679 (15/29) Installing libbz2 (1.0.8-r6)
#16 7.697 (16/29) Installing libexpat (2.8.2-r0)
#16 7.715 (17/29) Installing libffi (3.5.2-r0)
#16 7.730 (18/29) Installing gdbm (1.26-r0)
#16 7.747 (19/29) Installing xz-libs (5.8.3-r0)
#16 7.769 (20/29) Installing mpdecimal (4.0.1-r0)
#16 7.789 (21/29) Installing ncurses-terminfo-base (6.5_p20251123-r0)
#16 7.809 (22/29) Installing libncursesw (6.5_p20251123-r0)
#16 7.831 (23/29) Installing libpanelw (6.5_p20251123-r0)
#16 7.848 (24/29) Installing readline (8.3.1-r0)
#16 7.873 (25/29) Installing sqlite-libs (3.51.2-r0)
#16 7.933 (26/29) Installing python3 (3.12.13-r0)
#16 8.481 (27/29) Installing python3-pycache-pyc0 (3.12.13-r0)
#16 8.778 (28/29) Installing pyc (3.12.13-r0)
#16 8.778 (29/29) Installing python3-pyc (3.12.13-r0)
#16 8.778 Executing busybox-1.37.0-r30.trigger
#16 8.785 OK: 301.2 MiB in 47 packages
#16 DONE 8.9s

#20 [backend 4/7] COPY package.json package-lock.json ./
#20 DONE 0.1s

#21 [backend 5/7] RUN npm ci --omit=dev
#21 ...

#19 [frontend build 6/6] RUN npm run build
#19 4.632 node_modules/@sveltejs/kit/src/runtime/client/client.js (5:23): "untrack" is not exported by "node_modules/svelte/src/runtime/index.js", imported by "node_modules/@sveltejs/kit/src/runtime/client/client.js".
#19 4.634 node_modules/@sveltejs/kit/src/runtime/client/client.js (388:26): "fork" is not exported by "node_modules/svelte/src/runtime/index.js", imported by "node_modules/@sveltejs/kit/src/runtime/client/client.js".
#19 4.637 node_modules/@sveltejs/kit/src/runtime/client/client.js (1309:30): "settled" is not exported by "node_modules/svelte/src/runtime/index.js", imported by "node_modules/@sveltejs/kit/src/runtime/client/client.js".
#19 5.022 ✓ 117 modules transformed.
#19 5.093 rendering chunks...
#19 5.128 computing gzip size...
#19 5.145 .svelte-kit/output/client/_app/version.json                                                            0.03 kB │ gzip:  0.05 kB
#19 5.145 .svelte-kit/output/client/_app/immutable/assets/jetbrains-mono-vietnamese-wght-normal.Bt-aOZkq.woff2   7.50 kB
#19 5.145 .svelte-kit/output/client/_app/immutable/assets/jetbrains-mono-greek-wght-normal.Bw9x6K1M.woff2        9.00 kB
#19 5.145 .svelte-kit/output/client/.vite/manifest.json                                                         12.04 kB │ gzip:  1.41 kB
#19 5.145 .svelte-kit/output/client/_app/immutable/assets/jetbrains-mono-cyrillic-wght-normal.D73BlboJ.woff2    12.11 kB
#19 5.145 .svelte-kit/output/client/_app/immutable/assets/archivo-vietnamese-wght-normal.XAtsl5Q_.woff2         13.24 kB
#19 5.145 .svelte-kit/output/client/_app/immutable/assets/jetbrains-mono-latin-ext-wght-normal.DBQx-q_a.woff2   15.20 kB
#19 5.146 .svelte-kit/output/client/_app/immutable/assets/archivo-latin-ext-wght-normal.C4zznr8T.woff2          32.61 kB
#19 5.146 .svelte-kit/output/client/_app/immutable/assets/archivo-latin-wght-normal.E0tuGl4L.woff2              34.93 kB
#19 5.146 .svelte-kit/output/client/_app/immutable/assets/jetbrains-mono-latin-wght-normal.B9CIFXIH.woff2       40.40 kB
#19 5.146 .svelte-kit/output/client/_app/immutable/assets/11.B2-MY4ma.css                                        0.13 kB │ gzip:  0.10 kB
#19 5.146 .svelte-kit/output/client/_app/immutable/assets/0.Fp007VLr.css                                        31.27 kB │ gzip:  8.37 kB
#19 5.146 .svelte-kit/output/client/_app/immutable/entry/start.CyCgGVAm.js                                       0.08 kB │ gzip:  0.09 kB
#19 5.146 .svelte-kit/output/client/_app/immutable/chunks/DyN-MFh3.js                                            0.23 kB │ gzip:  0.16 kB
#19 5.146 .svelte-kit/output/client/_app/immutable/chunks/BgT6FqC6.js                                            0.28 kB │ gzip:  0.23 kB
#19 5.146 .svelte-kit/output/client/_app/immutable/chunks/Bs5pcqGb.js                                            0.52 kB │ gzip:  0.31 kB
#19 5.146 .svelte-kit/output/client/_app/immutable/nodes/1.DFfe-8O0.js                                           0.81 kB │ gzip:  0.50 kB
#19 5.147 .svelte-kit/output/client/_app/immutable/chunks/DkY8sR3N.js                                            0.82 kB │ gzip:  0.46 kB
#19 5.147 .svelte-kit/output/client/_app/immutable/chunks/DWXjjfY1.js                                            0.90 kB │ gzip:  0.54 kB
#19 5.147 .svelte-kit/output/client/_app/immutable/chunks/D9fOVNpw.js                                            1.26 kB │ gzip:  0.69 kB
#19 5.147 .svelte-kit/output/client/_app/immutable/chunks/wbPk3Yxo.js                                            1.37 kB │ gzip:  0.66 kB
#19 5.147 .svelte-kit/output/client/_app/immutable/nodes/0.C-bcCWNP.js                                           2.28 kB │ gzip:  1.17 kB
#19 5.147 .svelte-kit/output/client/_app/immutable/chunks/2Op1kJ1X.js                                            2.29 kB │ gzip:  1.19 kB
#19 5.147 .svelte-kit/output/client/_app/immutable/chunks/D3tIg1RX.js                                            2.59 kB │ gzip:  1.45 kB
#19 5.147 .svelte-kit/output/client/_app/immutable/chunks/BAaUOXWB.js                                            2.61 kB │ gzip:  1.31 kB
#19 5.148 .svelte-kit/output/client/_app/immutable/nodes/11.CoO3WCLT.js                                          3.80 kB │ gzip:  1.76 kB
#19 5.148 .svelte-kit/output/client/_app/immutable/nodes/2.DHNu4oPG.js                                           3.98 kB │ gzip:  1.84 kB
#19 5.148 .svelte-kit/output/client/_app/immutable/chunks/C9BahsHa.js                                            4.09 kB │ gzip:  1.32 kB
#19 5.148 .svelte-kit/output/client/_app/immutable/chunks/yKa7tf-b.js                                            4.79 kB │ gzip:  1.81 kB
#19 5.148 .svelte-kit/output/client/_app/immutable/nodes/5.UM-OuZ-E.js                                           6.69 kB │ gzip:  2.67 kB
#19 5.148 .svelte-kit/output/client/_app/immutable/chunks/Cwwj04dn.js                                            7.06 kB │ gzip:  2.84 kB
#19 5.148 .svelte-kit/output/client/_app/immutable/entry/app.Dfaibw2E.js                                        10.20 kB │ gzip:  3.38 kB
#19 5.149 .svelte-kit/output/client/_app/immutable/nodes/4.Bo6cd7p3.js                                          12.24 kB │ gzip:  4.60 kB
#19 5.149 .svelte-kit/output/client/_app/immutable/nodes/7.DT06yPm9.js                                          13.04 kB │ gzip:  4.93 kB
#19 5.149 .svelte-kit/output/client/_app/immutable/nodes/8.DX5vQDiL.js                                          14.48 kB │ gzip:  5.27 kB
#19 5.149 .svelte-kit/output/client/_app/immutable/nodes/6.BkZQULfq.js                                          14.93 kB │ gzip:  5.42 kB
#19 5.149 .svelte-kit/output/client/_app/immutable/nodes/9.DSEBHKIK.js                                          15.57 kB │ gzip:  5.26 kB
#19 5.149 .svelte-kit/output/client/_app/immutable/nodes/10.CKJmSwHv.js                                         16.62 kB │ gzip:  5.70 kB
#19 5.149 .svelte-kit/output/client/_app/immutable/nodes/12.C_YCf_EZ.js                                         17.02 kB │ gzip:  6.33 kB
#19 5.149 .svelte-kit/output/client/_app/immutable/chunks/BgoGAg-v.js                                           28.59 kB │ gzip: 11.00 kB
#19 5.149 .svelte-kit/output/client/_app/immutable/nodes/3.S2aANqz0.js                                          32.58 kB │ gzip: 10.90 kB
#19 5.150 ✓ built in 1.73s
#19 5.697 .svelte-kit/output/server/_app/immutable/assets/jetbrains-mono-vietnamese-wght-normal.Bt-aOZkq.woff2    7.50 kB
#19 5.697 .svelte-kit/output/server/_app/immutable/assets/jetbrains-mono-greek-wght-normal.Bw9x6K1M.woff2         9.00 kB
#19 5.697 .svelte-kit/output/server/.vite/manifest.json                                                          11.01 kB
#19 5.697 .svelte-kit/output/server/_app/immutable/assets/jetbrains-mono-cyrillic-wght-normal.D73BlboJ.woff2     12.11 kB
#19 5.697 .svelte-kit/output/server/_app/immutable/assets/archivo-vietnamese-wght-normal.XAtsl5Q_.woff2          13.24 kB
#19 5.697 .svelte-kit/output/server/_app/immutable/assets/jetbrains-mono-latin-ext-wght-normal.DBQx-q_a.woff2    15.20 kB
#19 5.697 .svelte-kit/output/server/_app/immutable/assets/archivo-latin-ext-wght-normal.C4zznr8T.woff2           32.61 kB
#19 5.697 .svelte-kit/output/server/_app/immutable/assets/archivo-latin-wght-normal.E0tuGl4L.woff2               34.93 kB
#19 5.697 .svelte-kit/output/server/_app/immutable/assets/jetbrains-mono-latin-wght-normal.B9CIFXIH.woff2        40.40 kB
#19 5.697 .svelte-kit/output/server/_app/immutable/assets/_page.B2-MY4ma.css                                      0.13 kB
#19 5.697 .svelte-kit/output/server/_app/immutable/assets/_layout.DpdR90XY.css                                   31.25 kB
#19 5.697 .svelte-kit/output/server/entries/pages/_layout.js                                                      0.04 kB
#19 5.697 .svelte-kit/output/server/env.js                                                                        0.23 kB
#19 5.697 .svelte-kit/output/server/chunks/floorState.js                                                          0.24 kB
#19 5.697 .svelte-kit/output/server/internal.js                                                                   0.32 kB
#19 5.698 .svelte-kit/output/server/chunks/state.svelte.js                                                        0.42 kB
#19 5.698 .svelte-kit/output/server/entries/fallbacks/error.svelte.js                                             0.47 kB
#19 5.698 .svelte-kit/output/server/chunks/server.js                                                              0.62 kB
#19 5.698 .svelte-kit/output/server/chunks/stores.js                                                              0.67 kB
#19 5.698 .svelte-kit/output/server/chunks/settings.js                                                            0.77 kB
#19 5.698 .svelte-kit/output/server/chunks/auth.js                                                                0.89 kB
#19 5.698 .svelte-kit/output/server/entries/pages/admin/settings/_page.svelte.js                                  0.97 kB
#19 5.698 .svelte-kit/output/server/chunks/utils2.js                                                              1.09 kB
#19 5.698 .svelte-kit/output/server/chunks/TypeBadge.js                                                           1.19 kB
#19 5.698 .svelte-kit/output/server/chunks/index.js                                                               1.33 kB
#19 5.698 .svelte-kit/output/server/entries/pages/admin/menu/_page.svelte.js                                      1.36 kB
#19 5.698 .svelte-kit/output/server/entries/pages/admin/users/_page.svelte.js                                     1.54 kB
#19 5.698 .svelte-kit/output/server/chunks/Keypad.js                                                              1.56 kB
#19 5.698 .svelte-kit/output/server/chunks/Button.js                                                              1.57 kB
#19 5.698 .svelte-kit/output/server/entries/pages/admin/_layout.svelte.js                                         2.15 kB
#19 5.698 .svelte-kit/output/server/entries/pages/_layout.svelte.js                                               3.26 kB
#19 5.698 .svelte-kit/output/server/entries/pages/login/_page.svelte.js                                           4.84 kB
#19 5.698 .svelte-kit/output/server/entries/pages/admin/tables/_page.svelte.js                                    5.08 kB
#19 5.698 .svelte-kit/output/server/chunks/exports.js                                                             5.54 kB
#19 5.698 .svelte-kit/output/server/chunks/mockData.js                                                            5.58 kB
#19 5.698 .svelte-kit/output/server/entries/pages/checkout/_page.svelte.js                                        6.86 kB
#19 5.698 .svelte-kit/output/server/entries/pages/tables/_page.svelte.js                                          7.09 kB
#19 5.698 .svelte-kit/output/server/chunks/internal.js                                                            7.16 kB
#19 5.698 .svelte-kit/output/server/entries/pages/kitchen/_page.svelte.js                                         7.26 kB
#19 5.698 .svelte-kit/output/server/chunks/ssr.js                                                                 8.30 kB
#19 5.699 .svelte-kit/output/server/entries/pages/dashboard/_page.svelte.js                                       8.86 kB
#19 5.699 .svelte-kit/output/server/entries/pages/_page.svelte.js                                                12.38 kB
#19 5.699 .svelte-kit/output/server/chunks/utils.js                                                              34.25 kB
#19 5.699 .svelte-kit/output/server/remote-entry.js                                                              36.82 kB
#19 5.699 .svelte-kit/output/server/index.js                                                                    130.89 kB
#19 5.699 ✓ built in 4.68s
#19 5.700 
#19 5.700 Run npm run preview to preview your production build locally.
#19 5.704 
#19 5.704 > Using @sveltejs/adapter-static
#19 5.810   Wrote site to "build"
#19 5.810   ✔ done
#19 DONE 5.9s

#22 [frontend stage-1 2/3] COPY --from=build /app/build /usr/share/nginx/html
#22 DONE 0.1s

#23 [frontend stage-1 3/3] COPY nginx.conf /etc/nginx/conf.d/default.conf
#23 DONE 0.1s

#21 [backend 5/7] RUN npm ci --omit=dev
#21 1.620 npm warn deprecated prebuild-install@7.1.3: No longer maintained. Please contact the author of the relevant native addon; alternatives are available.
#21 ...

#24 [frontend] exporting to image
#24 exporting layers 0.1s done
#24 exporting manifest sha256:fd81a57406517f7107a6ccafba786309ea7744962f95436634b4a97f6b4e7a44 0.0s done
#24 exporting config sha256:c27985b6cbd0904d6b1ea0055672bd96e5f54fd7735dfaaefef7c6981651164f 0.0s done
#24 exporting attestation manifest sha256:0942471896763d6e0b85234d779aeaaf7f52c4f121f6814cf934db0240324b71 0.0s done
#24 exporting manifest list sha256:55ae45c3d03b2501bfef1fde0d5110637d9a110108ba46179d1d42ce83703bc4 0.0s done
#24 naming to docker.io/library/openeats-frontend:latest done
#24 unpacking to docker.io/library/openeats-frontend:latest 0.1s done
#24 DONE 0.3s

#25 [frontend] resolving provenance for metadata file
#25 DONE 0.0s

#21 [backend 5/7] RUN npm ci --omit=dev
#21 2.323 
#21 2.323 added 121 packages, and audited 122 packages in 2s
#21 2.323 
#21 2.323 25 packages are looking for funding
#21 2.323   run `npm fund` for details
#21 2.324 
#21 2.324 found 0 vulnerabilities
#21 2.326 npm notice
#21 2.326 npm notice New major version of npm available! 10.8.2 -> 11.18.0
#21 2.326 npm notice Changelog: https://github.com/npm/cli/releases/tag/v11.18.0
#21 2.326 npm notice To update run: npm install -g npm@11.18.0
#21 2.326 npm notice
#21 DONE 2.4s

#26 [backend 6/7] COPY src ./src
#26 DONE 0.1s

#27 [backend 7/7] RUN mkdir -p /app/data
#27 DONE 0.2s

#28 [backend] exporting to image
#28 exporting layers 9.5s done
#28 exporting manifest sha256:4cb9b3302defb0c1c1f1c72c7d9fb19e3e46b9b5ecc2ae00db6010c9c4889aa0 0.0s done
#28 exporting config sha256:016ca1f952606784cce246034add0b91a60919f85abca7a9ed71fe4330545bba 0.0s done
#28 exporting attestation manifest sha256:acbd9c34b669d02dcae7fd31463d7e89c0523d914f32c628427e785c927aa71f 0.0s done
#28 exporting manifest list sha256:fa17a86684e757cdde2faf6b463c691770e74b110a525f72d6207bb94f303aee 0.0s done
#28 naming to docker.io/library/openeats-backend:latest
#28 naming to docker.io/library/openeats-backend:latest done
#28 unpacking to docker.io/library/openeats-backend:latest
#28 unpacking to docker.io/library/openeats-backend:latest 2.0s done
#28 DONE 11.7s

#29 [backend] resolving provenance for metadata file
#29 DONE 0.0s
